{
  "stats": {
    "suites": 1,
    "tests": 15,
    "passes": 14,
    "pending": 0,
    "failures": 1,
    "start": "2026-06-10T04:52:34.792Z",
    "end": "2026-06-10T04:52:48.034Z",
    "duration": 13242,
    "testsRegistered": 15,
    "passPercent": 93.33333333333333,
    "pendingPercent": 0,
    "other": 0,
    "hasOther": false,
    "skipped": 0,
    "hasSkipped": false
  },
  "results": [
    {
      "uuid": "8254acf6-d7ad-4dfb-aa3b-186093770af9",
      "title": "",
      "fullFile": "cypress\\e2e\\HomePage\\home.cy.js",
      "file": "cypress\\e2e\\HomePage\\home.cy.js",
      "beforeHooks": [],
      "afterHooks": [],
      "tests": [],
      "suites": [
        {
          "uuid": "a39da6e1-98b3-47c3-9c41-abecdbc099c4",
          "title": "Automation test for Herokuapp",
          "fullFile": "",
          "file": "",
          "beforeHooks": [],
          "afterHooks": [],
          "tests": [
            {
              "title": "Basic Auth",
              "fullTitle": "Automation test for Herokuapp Basic Auth",
              "timedOut": null,
              "duration": 3150,
              "state": "failed",
              "speed": null,
              "pass": false,
              "fail": true,
              "pending": false,
              "context": null,
              "code": "_basicAuthPage.default.clickBasicAuth();\n_basicAuthPage.default.validateLoginSuccess();\ncy.url().should('include', 'herokuapp');",
              "err": {
                "message": "CypressError: `cy.visit()` failed trying to load:\n\nhttps://the-internet.herokuapp.com/basic_auth\n\nWe attempted to make an http request to this URL but the request failed without a response.\n\nWe received this error at the network level:\n\n  > Error: no auth mechanism defined\n\nCommon situations why this would fail:\n  - you don't have internet access\n  - you forgot to run / boot your web server\n  - your web server isn't accessible\n  - you have weird network configuration settings on your computer",
                "estack": "CypressError: `cy.visit()` failed trying to load:\n\nhttps://the-internet.herokuapp.com/basic_auth\n\nWe attempted to make an http request to this URL but the request failed without a response.\n\nWe received this error at the network level:\n\n  > Error: no auth mechanism defined\n\nCommon situations why this would fail:\n  - you don't have internet access\n  - you forgot to run / boot your web server\n  - your web server isn't accessible\n  - you have weird network configuration settings on your computer\n    at <unknown> (https://the-internet.herokuapp.com/__cypress/runner/cypress_runner.js:135314:74)\n    at visitFailedByErr (https://the-internet.herokuapp.com/__cypress/runner/cypress_runner.js:134888:12)\n    at <unknown> (https://the-internet.herokuapp.com/__cypress/runner/cypress_runner.js:135313:11)\n    at tryCatcher (https://the-internet.herokuapp.com/__cypress/runner/cypress_runner.js:1777:23)\n    at Promise._settlePromiseFromHandler (https://the-internet.herokuapp.com/__cypress/runner/cypress_runner.js:1489:31)\n    at Promise._settlePromise (https://the-internet.herokuapp.com/__cypress/runner/cypress_runner.js:1546:18)\n    at Promise._settlePromise0 (https://the-internet.herokuapp.com/__cypress/runner/cypress_runner.js:1591:10)\n    at Promise._settlePromises (https://the-internet.herokuapp.com/__cypress/runner/cypress_runner.js:1667:18)\n    at _drainQueueStep (https://the-internet.herokuapp.com/__cypress/runner/cypress_runner.js:2377:12)\n    at _drainQueue (https://the-internet.herokuapp.com/__cypress/runner/cypress_runner.js:2370:9)\n    at Async._drainQueues (https://the-internet.herokuapp.com/__cypress/runner/cypress_runner.js:2386:5)\n    at Async.drainQueues (https://the-internet.herokuapp.com/__cypress/runner/cypress_runner.js:2256:14)\nFrom Your Spec Code:\n    at basicAuthPage.clickBasicAuth (webpack://cypress-pom-herokuapp/./cypress/pages/basicAuthPage.js:6:7)\n    at Context.eval (webpack://cypress-pom-herokuapp/./cypress/e2e/HomePage/home.cy.js:26:18)\n\nFrom Node.js Internals:\n  Error: no auth mechanism defined\n      at c.onRequest (<embedded>:314:80849)\n      at ee.auth (<embedded>:314:114755)\n      at ee.init (<embedded>:314:101945)\n      at new ee (<embedded>:314:98504)\n      at m (<embedded>:314:118822)\n      at N.r (<embedded>:314:119110)\n      at h (<embedded>:2832:54950)\n      at N.createRetryingRequestStream (<embedded>:2832:55831)\n      at N.create (<embedded>:2832:59460)\n      at <unknown> (<embedded>:2832:60089)\n      at <unknown> (<embedded>:2851:20455)",
                "diff": null
              },
              "uuid": "f9b7b31b-be1c-479c-a963-c9073258e8eb",
              "parentUUID": "a39da6e1-98b3-47c3-9c41-abecdbc099c4",
              "isHook": false,
              "skipped": false
            },
            {
              "title": "Drop down - first option",
              "fullTitle": "Automation test for Herokuapp Drop down - first option",
              "timedOut": null,
              "duration": 593,
              "state": "passed",
              "speed": "fast",
              "pass": true,
              "fail": false,
              "pending": false,
              "context": null,
              "code": "_dropDownPage.default.visit();\n_dropDownPage.default.selectFirstOption();",
              "err": {},
              "uuid": "450a73e3-8d7d-47df-892c-f9bffd80ab53",
              "parentUUID": "a39da6e1-98b3-47c3-9c41-abecdbc099c4",
              "isHook": false,
              "skipped": false
            },
            {
              "title": "Drop down - Last option",
              "fullTitle": "Automation test for Herokuapp Drop down - Last option",
              "timedOut": null,
              "duration": 486,
              "state": "passed",
              "speed": "fast",
              "pass": true,
              "fail": false,
              "pending": false,
              "context": null,
              "code": "_dropDownPage.default.visit();\n_dropDownPage.default.selectLastOption();",
              "err": {},
              "uuid": "8b3654fd-e89c-4dc8-8a98-11862e1ec87f",
              "parentUUID": "a39da6e1-98b3-47c3-9c41-abecdbc099c4",
              "isHook": false,
              "skipped": false
            },
            {
              "title": "Checkbox - Check all options",
              "fullTitle": "Automation test for Herokuapp Checkbox - Check all options",
              "timedOut": null,
              "duration": 439,
              "state": "passed",
              "speed": "fast",
              "pass": true,
              "fail": false,
              "pending": false,
              "context": null,
              "code": "_checkBoxPage.default.visit();\ncy.url().should('include', 'checkboxes');\n_checkBoxPage.default.unCheckAllOptions();",
              "err": {},
              "uuid": "407d8052-1216-4877-997a-5031ee667684",
              "parentUUID": "a39da6e1-98b3-47c3-9c41-abecdbc099c4",
              "isHook": false,
              "skipped": false
            },
            {
              "title": "Checkbox - Uncheck all options",
              "fullTitle": "Automation test for Herokuapp Checkbox - Uncheck all options",
              "timedOut": null,
              "duration": 461,
              "state": "passed",
              "speed": "fast",
              "pass": true,
              "fail": false,
              "pending": false,
              "context": null,
              "code": "_checkBoxPage.default.visit();\ncy.url().should('include', 'checkboxes');\n_checkBoxPage.default.checkAllOptions();",
              "err": {},
              "uuid": "8fc54257-a2b8-4308-bbe5-7db0aefa1f2e",
              "parentUUID": "a39da6e1-98b3-47c3-9c41-abecdbc099c4",
              "isHook": false,
              "skipped": false
            },
            {
              "title": "Slider - Half value",
              "fullTitle": "Automation test for Herokuapp Slider - Half value",
              "timedOut": null,
              "duration": 373,
              "state": "passed",
              "speed": "fast",
              "pass": true,
              "fail": false,
              "pending": false,
              "context": null,
              "code": "_sliderPage.default.visit();\n_sliderPage.default.sliderHalfMove();",
              "err": {},
              "uuid": "75343e6b-c2b8-45df-99d7-abb9ed067460",
              "parentUUID": "a39da6e1-98b3-47c3-9c41-abecdbc099c4",
              "isHook": false,
              "skipped": false
            },
            {
              "title": "Slider - Complete value",
              "fullTitle": "Automation test for Herokuapp Slider - Complete value",
              "timedOut": null,
              "duration": 347,
              "state": "passed",
              "speed": "fast",
              "pass": true,
              "fail": false,
              "pending": false,
              "context": null,
              "code": "_sliderPage.default.visit();\n_sliderPage.default.sliderCompleteMove();",
              "err": {},
              "uuid": "00b714b3-e6da-4025-9201-85c755ceabf2",
              "parentUUID": "a39da6e1-98b3-47c3-9c41-abecdbc099c4",
              "isHook": false,
              "skipped": false
            },
            {
              "title": "Input number - Select the number 10",
              "fullTitle": "Automation test for Herokuapp Input number - Select the number 10",
              "timedOut": null,
              "duration": 605,
              "state": "passed",
              "speed": "fast",
              "pass": true,
              "fail": false,
              "pending": false,
              "context": null,
              "code": "_inputPage.default.visit();\n_inputPage.default.inputANumber();",
              "err": {},
              "uuid": "5f91479e-72d5-47c0-9b10-5c38d6cc503b",
              "parentUUID": "a39da6e1-98b3-47c3-9c41-abecdbc099c4",
              "isHook": false,
              "skipped": false
            },
            {
              "title": "Add a new element",
              "fullTitle": "Automation test for Herokuapp Add a new element",
              "timedOut": null,
              "duration": 415,
              "state": "passed",
              "speed": "fast",
              "pass": true,
              "fail": false,
              "pending": false,
              "context": null,
              "code": "_addRemovePage.default.visit();\n_addRemovePage.default.addElement();",
              "err": {},
              "uuid": "bebaf4cc-317f-4d25-8c4f-5a0d467403a3",
              "parentUUID": "a39da6e1-98b3-47c3-9c41-abecdbc099c4",
              "isHook": false,
              "skipped": false
            },
            {
              "title": "Remove an element",
              "fullTitle": "Automation test for Herokuapp Remove an element",
              "timedOut": null,
              "duration": 467,
              "state": "passed",
              "speed": "fast",
              "pass": true,
              "fail": false,
              "pending": false,
              "context": null,
              "code": "_addRemovePage.default.visit();\n_addRemovePage.default.removeElement();",
              "err": {},
              "uuid": "6987a27a-595f-4d14-bcf4-2af6a10705b2",
              "parentUUID": "a39da6e1-98b3-47c3-9c41-abecdbc099c4",
              "isHook": false,
              "skipped": false
            },
            {
              "title": "Floating menu",
              "fullTitle": "Automation test for Herokuapp Floating menu",
              "timedOut": null,
              "duration": 924,
              "state": "passed",
              "speed": "fast",
              "pass": true,
              "fail": false,
              "pending": false,
              "context": null,
              "code": "_floatingMenuPage.default.visit();\n_floatingMenuPage.default.selectFlotingMenu();",
              "err": {},
              "uuid": "e0fcb00a-85a6-41f4-ad6a-1ee65197dda9",
              "parentUUID": "a39da6e1-98b3-47c3-9c41-abecdbc099c4",
              "isHook": false,
              "skipped": false
            },
            {
              "title": "Fill a login form",
              "fullTitle": "Automation test for Herokuapp Fill a login form",
              "timedOut": null,
              "duration": 1638,
              "state": "passed",
              "speed": "fast",
              "pass": true,
              "fail": false,
              "pending": false,
              "context": null,
              "code": "_loginFormPage.default.visit();\n_loginFormPage.default.loginSuccess();\n_securePage.default.validatelogin();",
              "err": {},
              "uuid": "878d2e1a-2548-46c3-b6cb-f3ed4c2d9719",
              "parentUUID": "a39da6e1-98b3-47c3-9c41-abecdbc099c4",
              "isHook": false,
              "skipped": false
            },
            {
              "title": "Logout secure area",
              "fullTitle": "Automation test for Herokuapp Logout secure area",
              "timedOut": null,
              "duration": 1662,
              "state": "passed",
              "speed": "fast",
              "pass": true,
              "fail": false,
              "pending": false,
              "context": null,
              "code": "_loginFormPage.default.visit();\n_loginFormPage.default.loginSuccess();\n_securePage.default.validatelogin();\n_securePage.default.logout();\n_loginFormPage.default.validateLogout();",
              "err": {},
              "uuid": "ce8ff359-6fc9-45be-bbec-da773f40cf8c",
              "parentUUID": "a39da6e1-98b3-47c3-9c41-abecdbc099c4",
              "isHook": false,
              "skipped": false
            },
            {
              "title": "File download",
              "fullTitle": "Automation test for Herokuapp File download",
              "timedOut": null,
              "duration": 560,
              "state": "passed",
              "speed": "fast",
              "pass": true,
              "fail": false,
              "pending": false,
              "context": null,
              "code": "_downloadPage.default.visit();\n_downloadPage.default.downloadImage();\n_downloadPage.default.validateImage();",
              "err": {},
              "uuid": "e6c3d9bd-9b75-469f-b520-a413a0a3554a",
              "parentUUID": "a39da6e1-98b3-47c3-9c41-abecdbc099c4",
              "isHook": false,
              "skipped": false
            },
            {
              "title": "File upload",
              "fullTitle": "Automation test for Herokuapp File upload",
              "timedOut": null,
              "duration": 816,
              "state": "passed",
              "speed": "fast",
              "pass": true,
              "fail": false,
              "pending": false,
              "context": null,
              "code": "_uploadPage.default.visit();\n_uploadPage.default.uploadImage();\n_uploadPage.default.validateImage();",
              "err": {},
              "uuid": "c0886c54-bb53-4a56-a582-0b7b4a547663",
              "parentUUID": "a39da6e1-98b3-47c3-9c41-abecdbc099c4",
              "isHook": false,
              "skipped": false
            }
          ],
          "suites": [],
          "passes": [
            "450a73e3-8d7d-47df-892c-f9bffd80ab53",
            "8b3654fd-e89c-4dc8-8a98-11862e1ec87f",
            "407d8052-1216-4877-997a-5031ee667684",
            "8fc54257-a2b8-4308-bbe5-7db0aefa1f2e",
            "75343e6b-c2b8-45df-99d7-abb9ed067460",
            "00b714b3-e6da-4025-9201-85c755ceabf2",
            "5f91479e-72d5-47c0-9b10-5c38d6cc503b",
            "bebaf4cc-317f-4d25-8c4f-5a0d467403a3",
            "6987a27a-595f-4d14-bcf4-2af6a10705b2",
            "e0fcb00a-85a6-41f4-ad6a-1ee65197dda9",
            "878d2e1a-2548-46c3-b6cb-f3ed4c2d9719",
            "ce8ff359-6fc9-45be-bbec-da773f40cf8c",
            "e6c3d9bd-9b75-469f-b520-a413a0a3554a",
            "c0886c54-bb53-4a56-a582-0b7b4a547663"
          ],
          "failures": [
            "f9b7b31b-be1c-479c-a963-c9073258e8eb"
          ],
          "pending": [],
          "skipped": [],
          "duration": 12936,
          "root": false,
          "rootEmpty": false,
          "_timeout": 2000
        }
      ],
      "passes": [],
      "failures": [],
      "pending": [],
      "skipped": [],
      "duration": 0,
      "root": true,
      "rootEmpty": true,
      "_timeout": 2000
    }
  ],
  "meta": {
    "mocha": {
      "version": "7.2.0"
    },
    "mochawesome": {
      "options": {
        "quiet": false,
        "reportFilename": "mochawesome",
        "saveHtml": true,
        "saveJson": true,
        "consoleReporter": "spec",
        "useInlineDiffs": false,
        "code": true
      },
      "version": "7.1.4"
    },
    "marge": {
      "options": {
        "reportDir": "cypress/reports",
        "overwrite": false,
        "html": true,
        "json": true
      },
      "version": "6.3.2"
    }
  }
}