{
  "stats": {
    "suites": 1,
    "tests": 14,
    "passes": 14,
    "pending": 1,
    "failures": -1,
    "start": "2026-06-10T18:15:24.799Z",
    "end": "2026-06-10T18:15:38.353Z",
    "duration": 13554,
    "testsRegistered": 15,
    "passPercent": 100,
    "pendingPercent": 6.666666666666667,
    "other": 1,
    "hasOther": true,
    "skipped": 0,
    "hasSkipped": false
  },
  "results": [
    {
      "uuid": "df1d1e55-fd39-4b56-9ebd-688ca4475c82",
      "title": "",
      "fullFile": "cypress\\e2e\\HomePage\\home.cy.js",
      "file": "cypress\\e2e\\HomePage\\home.cy.js",
      "beforeHooks": [],
      "afterHooks": [],
      "tests": [],
      "suites": [
        {
          "uuid": "9dee0a81-3218-447e-93b1-e9a8959fa4d3",
          "title": "Automation test for Herokuapp",
          "fullFile": "",
          "file": "",
          "beforeHooks": [],
          "afterHooks": [],
          "tests": [
            {
              "title": "Basic Auth",
              "fullTitle": "Automation test for Herokuapp Basic Auth",
              "timedOut": null,
              "duration": 0,
              "state": "pending",
              "speed": null,
              "pass": false,
              "fail": false,
              "pending": true,
              "context": null,
              "code": "_basicAuthPage.default.clickBasicAuth();\n_basicAuthPage.default.validateLoginSuccess();\ncy.url().should('include', 'herokuapp');",
              "err": {},
              "uuid": "ad479a01-bbae-460b-b51d-0c7e1c163ad2",
              "parentUUID": "9dee0a81-3218-447e-93b1-e9a8959fa4d3",
              "isHook": false,
              "skipped": false
            },
            {
              "title": "Drop down - first option",
              "fullTitle": "Automation test for Herokuapp Drop down - first option",
              "timedOut": null,
              "duration": 2101,
              "state": "passed",
              "speed": "fast",
              "pass": true,
              "fail": false,
              "pending": false,
              "context": null,
              "code": "_dropDownPage.default.visit();\n_dropDownPage.default.selectFirstOption();",
              "err": {},
              "uuid": "61fc25a1-a9c7-4aaf-95f9-17c2a6163468",
              "parentUUID": "9dee0a81-3218-447e-93b1-e9a8959fa4d3",
              "isHook": false,
              "skipped": false
            },
            {
              "title": "Drop down - Last option",
              "fullTitle": "Automation test for Herokuapp Drop down - Last option",
              "timedOut": null,
              "duration": 582,
              "state": "passed",
              "speed": "fast",
              "pass": true,
              "fail": false,
              "pending": false,
              "context": null,
              "code": "_dropDownPage.default.visit();\n_dropDownPage.default.selectLastOption();",
              "err": {},
              "uuid": "5916e136-a3da-4816-95fa-e6195f6e2f3e",
              "parentUUID": "9dee0a81-3218-447e-93b1-e9a8959fa4d3",
              "isHook": false,
              "skipped": false
            },
            {
              "title": "Checkbox - Check all options",
              "fullTitle": "Automation test for Herokuapp Checkbox - Check all options",
              "timedOut": null,
              "duration": 638,
              "state": "passed",
              "speed": "fast",
              "pass": true,
              "fail": false,
              "pending": false,
              "context": null,
              "code": "_checkBoxPage.default.visit();\ncy.url().should('include', 'checkboxes');\n_checkBoxPage.default.unCheckAllOptions();",
              "err": {},
              "uuid": "f9757017-53e7-495d-9ce0-0bff8307afd7",
              "parentUUID": "9dee0a81-3218-447e-93b1-e9a8959fa4d3",
              "isHook": false,
              "skipped": false
            },
            {
              "title": "Checkbox - Uncheck all options",
              "fullTitle": "Automation test for Herokuapp Checkbox - Uncheck all options",
              "timedOut": null,
              "duration": 711,
              "state": "passed",
              "speed": "fast",
              "pass": true,
              "fail": false,
              "pending": false,
              "context": null,
              "code": "_checkBoxPage.default.visit();\ncy.url().should('include', 'checkboxes');\n_checkBoxPage.default.checkAllOptions();",
              "err": {},
              "uuid": "79c83ea5-12ed-4173-a20b-c9c95f068eff",
              "parentUUID": "9dee0a81-3218-447e-93b1-e9a8959fa4d3",
              "isHook": false,
              "skipped": false
            },
            {
              "title": "Slider - Half value",
              "fullTitle": "Automation test for Herokuapp Slider - Half value",
              "timedOut": null,
              "duration": 507,
              "state": "passed",
              "speed": "fast",
              "pass": true,
              "fail": false,
              "pending": false,
              "context": null,
              "code": "_sliderPage.default.visit();\n_sliderPage.default.sliderHalfMove();",
              "err": {},
              "uuid": "89522795-c9b5-4935-ae20-e60805fd6ba8",
              "parentUUID": "9dee0a81-3218-447e-93b1-e9a8959fa4d3",
              "isHook": false,
              "skipped": false
            },
            {
              "title": "Slider - Complete value",
              "fullTitle": "Automation test for Herokuapp Slider - Complete value",
              "timedOut": null,
              "duration": 533,
              "state": "passed",
              "speed": "fast",
              "pass": true,
              "fail": false,
              "pending": false,
              "context": null,
              "code": "_sliderPage.default.visit();\n_sliderPage.default.sliderCompleteMove();",
              "err": {},
              "uuid": "a0c7925b-3edd-40f3-b3d1-6a6748014894",
              "parentUUID": "9dee0a81-3218-447e-93b1-e9a8959fa4d3",
              "isHook": false,
              "skipped": false
            },
            {
              "title": "Input number - Select the number 10",
              "fullTitle": "Automation test for Herokuapp Input number - Select the number 10",
              "timedOut": null,
              "duration": 783,
              "state": "passed",
              "speed": "fast",
              "pass": true,
              "fail": false,
              "pending": false,
              "context": null,
              "code": "_inputPage.default.visit();\n_inputPage.default.inputANumber();",
              "err": {},
              "uuid": "68de9cdc-d0f0-4b11-b6dc-26b6a6308968",
              "parentUUID": "9dee0a81-3218-447e-93b1-e9a8959fa4d3",
              "isHook": false,
              "skipped": false
            },
            {
              "title": "Add a new element",
              "fullTitle": "Automation test for Herokuapp Add a new element",
              "timedOut": null,
              "duration": 457,
              "state": "passed",
              "speed": "fast",
              "pass": true,
              "fail": false,
              "pending": false,
              "context": null,
              "code": "_addRemovePage.default.visit();\n_addRemovePage.default.addElement();",
              "err": {},
              "uuid": "906a6836-0081-44d4-ae57-94d3163e157a",
              "parentUUID": "9dee0a81-3218-447e-93b1-e9a8959fa4d3",
              "isHook": false,
              "skipped": false
            },
            {
              "title": "Remove an element",
              "fullTitle": "Automation test for Herokuapp Remove an element",
              "timedOut": null,
              "duration": 543,
              "state": "passed",
              "speed": "fast",
              "pass": true,
              "fail": false,
              "pending": false,
              "context": null,
              "code": "_addRemovePage.default.visit();\n_addRemovePage.default.removeElement();",
              "err": {},
              "uuid": "cc12a64a-8531-40ef-b9a9-4e88f36e2e80",
              "parentUUID": "9dee0a81-3218-447e-93b1-e9a8959fa4d3",
              "isHook": false,
              "skipped": false
            },
            {
              "title": "Floating menu",
              "fullTitle": "Automation test for Herokuapp Floating menu",
              "timedOut": null,
              "duration": 1016,
              "state": "passed",
              "speed": "fast",
              "pass": true,
              "fail": false,
              "pending": false,
              "context": null,
              "code": "_floatingMenuPage.default.visit();\n_floatingMenuPage.default.selectFlotingMenu();",
              "err": {},
              "uuid": "53729883-be60-4b39-b482-dfc1c675384a",
              "parentUUID": "9dee0a81-3218-447e-93b1-e9a8959fa4d3",
              "isHook": false,
              "skipped": false
            },
            {
              "title": "Fill a login form",
              "fullTitle": "Automation test for Herokuapp Fill a login form",
              "timedOut": null,
              "duration": 1718,
              "state": "passed",
              "speed": "fast",
              "pass": true,
              "fail": false,
              "pending": false,
              "context": null,
              "code": "_loginFormPage.default.visit();\n_loginFormPage.default.loginSuccess();\n_securePage.default.validatelogin();",
              "err": {},
              "uuid": "d32599e9-2a25-4e61-9c8a-eef52d29bebd",
              "parentUUID": "9dee0a81-3218-447e-93b1-e9a8959fa4d3",
              "isHook": false,
              "skipped": false
            },
            {
              "title": "Logout secure area",
              "fullTitle": "Automation test for Herokuapp Logout secure area",
              "timedOut": null,
              "duration": 1884,
              "state": "passed",
              "speed": "fast",
              "pass": true,
              "fail": false,
              "pending": false,
              "context": null,
              "code": "_loginFormPage.default.visit();\n_loginFormPage.default.loginSuccess();\n_securePage.default.validatelogin();\n_securePage.default.logout();\n_loginFormPage.default.validateLogout();",
              "err": {},
              "uuid": "77329b67-60cb-4e87-bf36-8176dfe20f09",
              "parentUUID": "9dee0a81-3218-447e-93b1-e9a8959fa4d3",
              "isHook": false,
              "skipped": false
            },
            {
              "title": "File download",
              "fullTitle": "Automation test for Herokuapp File download",
              "timedOut": null,
              "duration": 630,
              "state": "passed",
              "speed": "fast",
              "pass": true,
              "fail": false,
              "pending": false,
              "context": null,
              "code": "_downloadPage.default.visit();\n_downloadPage.default.downloadImage();\n_downloadPage.default.validateImage();",
              "err": {},
              "uuid": "87964cb7-4603-4ecd-bf9a-cb99109c8565",
              "parentUUID": "9dee0a81-3218-447e-93b1-e9a8959fa4d3",
              "isHook": false,
              "skipped": false
            },
            {
              "title": "File upload",
              "fullTitle": "Automation test for Herokuapp File upload",
              "timedOut": null,
              "duration": 1167,
              "state": "passed",
              "speed": "fast",
              "pass": true,
              "fail": false,
              "pending": false,
              "context": null,
              "code": "_uploadPage.default.visit();\n_uploadPage.default.uploadImage();\n_uploadPage.default.validateImage();",
              "err": {},
              "uuid": "3fccdc6d-5073-452d-952c-2ddf0991ab84",
              "parentUUID": "9dee0a81-3218-447e-93b1-e9a8959fa4d3",
              "isHook": false,
              "skipped": false
            }
          ],
          "suites": [],
          "passes": [
            "61fc25a1-a9c7-4aaf-95f9-17c2a6163468",
            "5916e136-a3da-4816-95fa-e6195f6e2f3e",
            "f9757017-53e7-495d-9ce0-0bff8307afd7",
            "79c83ea5-12ed-4173-a20b-c9c95f068eff",
            "89522795-c9b5-4935-ae20-e60805fd6ba8",
            "a0c7925b-3edd-40f3-b3d1-6a6748014894",
            "68de9cdc-d0f0-4b11-b6dc-26b6a6308968",
            "906a6836-0081-44d4-ae57-94d3163e157a",
            "cc12a64a-8531-40ef-b9a9-4e88f36e2e80",
            "53729883-be60-4b39-b482-dfc1c675384a",
            "d32599e9-2a25-4e61-9c8a-eef52d29bebd",
            "77329b67-60cb-4e87-bf36-8176dfe20f09",
            "87964cb7-4603-4ecd-bf9a-cb99109c8565",
            "3fccdc6d-5073-452d-952c-2ddf0991ab84"
          ],
          "failures": [],
          "pending": [
            "ad479a01-bbae-460b-b51d-0c7e1c163ad2"
          ],
          "skipped": [],
          "duration": 13270,
          "root": false,
          "rootEmpty": false,
          "_timeout": 2000
        }
      ],
      "passes": [],
      "failures": [],
      "pending": [],
      "skipped": [],
      "duration": 0,
      "root": true,
      "rootEmpty": true,
      "_timeout": 2000
    }
  ],
  "meta": {
    "mocha": {
      "version": "7.2.0"
    },
    "mochawesome": {
      "options": {
        "quiet": false,
        "reportFilename": "mochawesome",
        "saveHtml": true,
        "saveJson": true,
        "consoleReporter": "spec",
        "useInlineDiffs": false,
        "code": true
      },
      "version": "7.1.4"
    },
    "marge": {
      "options": {
        "reportDir": "cypress/reports",
        "overwrite": false,
        "html": true,
        "json": true
      },
      "version": "6.3.2"
    }
  }
}