{
  "stats": {
    "suites": 1,
    "tests": 3,
    "passes": 3,
    "pending": 0,
    "failures": 0,
    "start": "2026-06-10T04:53:50.585Z",
    "end": "2026-06-10T04:53:53.884Z",
    "duration": 3299,
    "testsRegistered": 3,
    "passPercent": 100,
    "pendingPercent": 0,
    "other": 0,
    "hasOther": false,
    "skipped": 0,
    "hasSkipped": false
  },
  "results": [
    {
      "uuid": "e8add2ef-748c-4cac-a951-5b2c49bb742c",
      "title": "",
      "fullFile": "cypress\\e2e\\2-advanced-examples\\navigation.cy.js",
      "file": "cypress\\e2e\\2-advanced-examples\\navigation.cy.js",
      "beforeHooks": [],
      "afterHooks": [],
      "tests": [],
      "suites": [
        {
          "uuid": "be03b97c-f9f1-4a9e-a932-dd8114d0dca8",
          "title": "Navigation",
          "fullFile": "",
          "file": "",
          "beforeHooks": [],
          "afterHooks": [],
          "tests": [
            {
              "title": "cy.go() - go back or forward in the browser's history",
              "fullTitle": "Navigation cy.go() - go back or forward in the browser's history",
              "timedOut": null,
              "duration": 1139,
              "state": "passed",
              "speed": "fast",
              "pass": true,
              "fail": false,
              "pending": false,
              "context": null,
              "code": "// https://on.cypress.io/go\ncy.location('pathname').should('include', 'navigation');\ncy.go('back');\ncy.location('pathname').should('not.include', 'navigation');\ncy.go('forward');\ncy.location('pathname').should('include', 'navigation');\n// clicking back\ncy.go(-1);\ncy.location('pathname').should('not.include', 'navigation');\n// clicking forward\ncy.go(1);\ncy.location('pathname').should('include', 'navigation');",
              "err": {},
              "uuid": "3bf96822-2c9f-4b1d-9ec3-01c60a9ef17a",
              "parentUUID": "be03b97c-f9f1-4a9e-a932-dd8114d0dca8",
              "isHook": false,
              "skipped": false
            },
            {
              "title": "cy.reload() - reload the page",
              "fullTitle": "Navigation cy.reload() - reload the page",
              "timedOut": null,
              "duration": 492,
              "state": "passed",
              "speed": "fast",
              "pass": true,
              "fail": false,
              "pending": false,
              "context": null,
              "code": "// https://on.cypress.io/reload\ncy.reload();\n// reload the page without using the cache\ncy.reload(true);",
              "err": {},
              "uuid": "ac4b9990-6f98-45ae-95ef-86de4a29486b",
              "parentUUID": "be03b97c-f9f1-4a9e-a932-dd8114d0dca8",
              "isHook": false,
              "skipped": false
            },
            {
              "title": "cy.visit() - visit a remote url",
              "fullTitle": "Navigation cy.visit() - visit a remote url",
              "timedOut": null,
              "duration": 416,
              "state": "passed",
              "speed": "fast",
              "pass": true,
              "fail": false,
              "pending": false,
              "context": null,
              "code": "// https://on.cypress.io/visit\n// Visit any sub-domain of your current domain\n// Pass options to the visit\ncy.visit('https://example.cypress.io/commands/navigation', {\n  timeout: 50000,\n  // increase total time for the visit to resolve\n  onBeforeLoad(contentWindow) {\n    // contentWindow is the remote page's window object\n    expect(typeof contentWindow === 'object').to.be.true;\n  },\n  onLoad(contentWindow) {\n    // contentWindow is the remote page's window object\n    expect(typeof contentWindow === 'object').to.be.true;\n  }\n});",
              "err": {},
              "uuid": "8a7a8135-665e-4d45-ac76-661bded6bb41",
              "parentUUID": "be03b97c-f9f1-4a9e-a932-dd8114d0dca8",
              "isHook": false,
              "skipped": false
            }
          ],
          "suites": [],
          "passes": [
            "3bf96822-2c9f-4b1d-9ec3-01c60a9ef17a",
            "ac4b9990-6f98-45ae-95ef-86de4a29486b",
            "8a7a8135-665e-4d45-ac76-661bded6bb41"
          ],
          "failures": [],
          "pending": [],
          "skipped": [],
          "duration": 2047,
          "root": false,
          "rootEmpty": false,
          "_timeout": 2000
        }
      ],
      "passes": [],
      "failures": [],
      "pending": [],
      "skipped": [],
      "duration": 0,
      "root": true,
      "rootEmpty": true,
      "_timeout": 2000
    }
  ],
  "meta": {
    "mocha": {
      "version": "7.2.0"
    },
    "mochawesome": {
      "options": {
        "quiet": false,
        "reportFilename": "mochawesome",
        "saveHtml": true,
        "saveJson": true,
        "consoleReporter": "spec",
        "useInlineDiffs": false,
        "code": true
      },
      "version": "7.1.4"
    },
    "marge": {
      "options": {
        "reportDir": "cypress/reports",
        "overwrite": false,
        "html": true,
        "json": true
      },
      "version": "6.3.2"
    }
  }
}